[2024-07-29T14:00:36.866+0900] {local_task_job_runner.py:120} INFO - ::group::Pre task execution logs
[2024-07-29T14:00:36.877+0900] {taskinstance.py:2076} INFO - Dependencies all met for dep_context=non-requeueable deps ti=<TaskInstance: make_parquet.check.done scheduled__2024-07-28T04:10:00+00:00 [queued]>
[2024-07-29T14:00:36.880+0900] {taskinstance.py:2076} INFO - Dependencies all met for dep_context=requeueable deps ti=<TaskInstance: make_parquet.check.done scheduled__2024-07-28T04:10:00+00:00 [queued]>
[2024-07-29T14:00:36.880+0900] {taskinstance.py:2306} INFO - Starting attempt 1 of 2
[2024-07-29T14:00:36.885+0900] {taskinstance.py:2330} INFO - Executing <Task(BashOperator): check.done> on 2024-07-28 04:10:00+00:00
[2024-07-29T14:00:36.888+0900] {standard_task_runner.py:64} INFO - Started process 74723 to run task
[2024-07-29T14:00:36.891+0900] {standard_task_runner.py:90} INFO - Running: ['airflow', 'tasks', 'run', 'make_parquet', 'check.done', 'scheduled__2024-07-28T04:10:00+00:00', '--job-id', '531', '--raw', '--subdir', 'DAGS_FOLDER/make_parquet.py', '--cfg-path', '/var/folders/qv/0knwm5h50ml0skpppwpbks_r0000gp/T/tmplkbg1hr1']
[2024-07-29T14:00:36.892+0900] {standard_task_runner.py:91} INFO - Job 531: Subtask check.done
[2024-07-29T14:00:36.908+0900] {task_command.py:426} INFO - Running <TaskInstance: make_parquet.check.done scheduled__2024-07-28T04:10:00+00:00 [running]> on host jeongui-MacBookPro.local
[2024-07-29T14:00:36.931+0900] {taskinstance.py:2648} INFO - Exporting env vars: AIRFLOW_CTX_DAG_OWNER='airflow' AIRFLOW_CTX_DAG_ID='make_parquet' AIRFLOW_CTX_TASK_ID='check.done' AIRFLOW_CTX_EXECUTION_DATE='2024-07-28T04:10:00+00:00' AIRFLOW_CTX_TRY_NUMBER='1' AIRFLOW_CTX_DAG_RUN_ID='scheduled__2024-07-28T04:10:00+00:00'
[2024-07-29T14:00:36.932+0900] {taskinstance.py:430} INFO - ::endgroup::
[2024-07-29T14:00:36.938+0900] {subprocess.py:63} INFO - Tmp dir root location: /var/folders/qv/0knwm5h50ml0skpppwpbks_r0000gp/T
[2024-07-29T14:00:36.939+0900] {subprocess.py:75} INFO - Running command: ['/bin/bash', '-c', '\n        DONE_FILE=~/data/done/_import/20240728/_DONE\n        bash /Users/DE32/airflow/sh/simple_done_check.sh $DONE_FILE\n        ']
[2024-07-29T14:00:36.942+0900] {subprocess.py:86} INFO - Output:
[2024-07-29T14:00:36.946+0900] {subprocess.py:93} INFO - _DONE Path = /Users/DE32/data/done/_import/20240728/_DONE
[2024-07-29T14:00:36.946+0900] {subprocess.py:93} INFO - I'll be back =>
[2024-07-29T14:00:36.946+0900] {subprocess.py:97} INFO - Command exited with return code 1
[2024-07-29T14:00:36.947+0900] {taskinstance.py:441} INFO - ::group::Post task execution logs
[2024-07-29T14:00:36.949+0900] {taskinstance.py:2905} ERROR - Task failed with exception
Traceback (most recent call last):
  File "/Users/DE32/.pyenv/versions/3.11.9/envs/note/lib/python3.11/site-packages/airflow/models/taskinstance.py", line 465, in _execute_task
    result = _execute_callable(context=context, **execute_callable_kwargs)
             ^^^^^^^^^^^^^^^^^^^^^^^^^^^^^^^^^^^^^^^^^^^^^^^^^^^^^^^^^^^^^
  File "/Users/DE32/.pyenv/versions/3.11.9/envs/note/lib/python3.11/site-packages/airflow/models/taskinstance.py", line 432, in _execute_callable
    return execute_callable(context=context, **execute_callable_kwargs)
           ^^^^^^^^^^^^^^^^^^^^^^^^^^^^^^^^^^^^^^^^^^^^^^^^^^^^^^^^^^^^
  File "/Users/DE32/.pyenv/versions/3.11.9/envs/note/lib/python3.11/site-packages/airflow/models/baseoperator.py", line 401, in wrapper
    return func(self, *args, **kwargs)
           ^^^^^^^^^^^^^^^^^^^^^^^^^^^
  File "/Users/DE32/.pyenv/versions/3.11.9/envs/note/lib/python3.11/site-packages/airflow/operators/bash.py", line 243, in execute
    raise AirflowException(
airflow.exceptions.AirflowException: Bash command failed. The command returned a non-zero exit code 1.
[2024-07-29T14:00:36.952+0900] {taskinstance.py:1206} INFO - Marking task as UP_FOR_RETRY. dag_id=make_parquet, task_id=check.done, run_id=scheduled__2024-07-28T04:10:00+00:00, execution_date=20240728T041000, start_date=20240729T050036, end_date=20240729T050036
[2024-07-29T14:00:36.955+0900] {standard_task_runner.py:110} ERROR - Failed to execute job 531 for task check.done (Bash command failed. The command returned a non-zero exit code 1.; 74723)
[2024-07-29T14:00:36.998+0900] {local_task_job_runner.py:243} INFO - Task exited with return code 1
[2024-07-29T14:00:37.007+0900] {taskinstance.py:3503} INFO - 0 downstream tasks scheduled from follow-on schedule check
[2024-07-29T14:00:37.008+0900] {local_task_job_runner.py:222} INFO - ::endgroup::
