[2024-07-30T10:44:46.889+0900] {local_task_job_runner.py:120} INFO - ::group::Pre task execution logs
[2024-07-30T10:44:46.899+0900] {taskinstance.py:2076} INFO - Dependencies all met for dep_context=non-requeueable deps ti=<TaskInstance: movie.get_data scheduled__2024-07-28T04:10:00+00:00 [queued]>
[2024-07-30T10:44:46.901+0900] {taskinstance.py:2076} INFO - Dependencies all met for dep_context=requeueable deps ti=<TaskInstance: movie.get_data scheduled__2024-07-28T04:10:00+00:00 [queued]>
[2024-07-30T10:44:46.902+0900] {taskinstance.py:2306} INFO - Starting attempt 10 of 11
[2024-07-30T10:44:46.907+0900] {taskinstance.py:2330} INFO - Executing <Task(PythonVirtualenvOperator): get_data> on 2024-07-28 04:10:00+00:00
[2024-07-30T10:44:46.910+0900] {standard_task_runner.py:64} INFO - Started process 6051 to run task
[2024-07-30T10:44:46.913+0900] {standard_task_runner.py:90} INFO - Running: ['airflow', 'tasks', 'run', 'movie', 'get_data', 'scheduled__2024-07-28T04:10:00+00:00', '--job-id', '634', '--raw', '--subdir', 'DAGS_FOLDER/movie.py', '--cfg-path', '/var/folders/qv/0knwm5h50ml0skpppwpbks_r0000gp/T/tmpbx7lbskj']
[2024-07-30T10:44:46.914+0900] {standard_task_runner.py:91} INFO - Job 634: Subtask get_data
[2024-07-30T10:44:46.974+0900] {task_command.py:426} INFO - Running <TaskInstance: movie.get_data scheduled__2024-07-28T04:10:00+00:00 [running]> on host jeongui-MacBookPro.local
[2024-07-30T10:44:46.995+0900] {taskinstance.py:2648} INFO - Exporting env vars: AIRFLOW_CTX_DAG_OWNER='airflow' AIRFLOW_CTX_DAG_ID='movie' AIRFLOW_CTX_TASK_ID='get_data' AIRFLOW_CTX_EXECUTION_DATE='2024-07-28T04:10:00+00:00' AIRFLOW_CTX_TRY_NUMBER='10' AIRFLOW_CTX_DAG_RUN_ID='scheduled__2024-07-28T04:10:00+00:00'
[2024-07-30T10:44:46.995+0900] {taskinstance.py:430} INFO - ::endgroup::
[2024-07-30T10:44:46.999+0900] {baseoperator.py:400} WARNING - PythonVirtualenvOperator.execute cannot be called outside TaskInstance!
[2024-07-30T10:44:47.000+0900] {process_utils.py:183} INFO - Executing cmd: /Users/DE32/.pyenv/versions/3.11.9/envs/note/bin/python -m virtualenv /var/folders/qv/0knwm5h50ml0skpppwpbks_r0000gp/T/venv70m5618s --python=python
[2024-07-30T10:44:47.002+0900] {process_utils.py:187} INFO - Output:
[2024-07-30T10:44:47.185+0900] {process_utils.py:191} INFO - created virtual environment CPython3.11.9.final.0-64 in 121ms
[2024-07-30T10:44:47.186+0900] {process_utils.py:191} INFO -   creator CPython3Posix(dest=/private/var/folders/qv/0knwm5h50ml0skpppwpbks_r0000gp/T/venv70m5618s, clear=False, no_vcs_ignore=False, global=False)
[2024-07-30T10:44:47.186+0900] {process_utils.py:191} INFO -   seeder FromAppData(download=False, pip=bundle, setuptools=bundle, wheel=bundle, via=copy, app_data_dir=/Users/DE32/Library/Application Support/virtualenv)
[2024-07-30T10:44:47.186+0900] {process_utils.py:191} INFO -     added seed packages: pip==24.1, setuptools==70.1.0, wheel==0.43.0
[2024-07-30T10:44:47.186+0900] {process_utils.py:191} INFO -   activators BashActivator,CShellActivator,FishActivator,NushellActivator,PowerShellActivator,PythonActivator
[2024-07-30T10:44:47.197+0900] {process_utils.py:183} INFO - Executing cmd: /var/folders/qv/0knwm5h50ml0skpppwpbks_r0000gp/T/venv70m5618s/bin/pip install -r /var/folders/qv/0knwm5h50ml0skpppwpbks_r0000gp/T/venv70m5618s/requirements.txt
[2024-07-30T10:44:47.199+0900] {process_utils.py:187} INFO - Output:
[2024-07-30T10:44:48.008+0900] {process_utils.py:191} INFO - Collecting git+https://github.com/Jeonghoon2/movie@0.2/api (from -r /var/folders/qv/0knwm5h50ml0skpppwpbks_r0000gp/T/venv70m5618s/requirements.txt (line 1))
[2024-07-30T10:44:48.008+0900] {process_utils.py:191} INFO -   Cloning https://github.com/Jeonghoon2/movie (to revision 0.2/api) to /private/var/folders/qv/0knwm5h50ml0skpppwpbks_r0000gp/T/pip-req-build-23fnn5bs
[2024-07-30T10:44:48.019+0900] {process_utils.py:191} INFO -   Running command git clone --filter=blob:none --quiet https://github.com/Jeonghoon2/movie /private/var/folders/qv/0knwm5h50ml0skpppwpbks_r0000gp/T/pip-req-build-23fnn5bs
[2024-07-30T10:44:49.313+0900] {process_utils.py:191} INFO -   Running command git checkout -b 0.2/api --track origin/0.2/api
[2024-07-30T10:44:49.886+0900] {process_utils.py:191} INFO -   Switched to a new branch '0.2/api'
[2024-07-30T10:44:49.887+0900] {process_utils.py:191} INFO -   branch '0.2/api' set up to track 'origin/0.2/api'.
[2024-07-30T10:44:49.887+0900] {process_utils.py:191} INFO -   Resolved https://github.com/Jeonghoon2/movie to commit aa2c3b4aa6dee3ca8a154c45b4457913b4be6ccd
[2024-07-30T10:44:49.903+0900] {process_utils.py:191} INFO -   Installing build dependencies: started
[2024-07-30T10:44:50.812+0900] {process_utils.py:191} INFO -   Installing build dependencies: finished with status 'done'
[2024-07-30T10:44:50.813+0900] {process_utils.py:191} INFO -   Getting requirements to build wheel: started
[2024-07-30T10:44:50.936+0900] {process_utils.py:191} INFO -   Getting requirements to build wheel: finished with status 'done'
[2024-07-30T10:44:50.937+0900] {process_utils.py:191} INFO -   Preparing metadata (pyproject.toml): started
[2024-07-30T10:44:51.062+0900] {process_utils.py:191} INFO -   Preparing metadata (pyproject.toml): finished with status 'done'
[2024-07-30T10:44:51.131+0900] {process_utils.py:191} INFO - Collecting requests>=2.32.3 (from mov==0.1.0->-r /var/folders/qv/0knwm5h50ml0skpppwpbks_r0000gp/T/venv70m5618s/requirements.txt (line 1))
[2024-07-30T10:44:51.132+0900] {process_utils.py:191} INFO -   Using cached requests-2.32.3-py3-none-any.whl.metadata (4.6 kB)
[2024-07-30T10:44:51.199+0900] {process_utils.py:191} INFO - Collecting pandas>=2.2.2 (from mov==0.1.0->-r /var/folders/qv/0knwm5h50ml0skpppwpbks_r0000gp/T/venv70m5618s/requirements.txt (line 1))
[2024-07-30T10:44:51.200+0900] {process_utils.py:191} INFO -   Using cached pandas-2.2.2-cp311-cp311-macosx_11_0_arm64.whl.metadata (19 kB)
[2024-07-30T10:44:51.298+0900] {process_utils.py:191} INFO - Collecting numpy>=2.0.1 (from mov==0.1.0->-r /var/folders/qv/0knwm5h50ml0skpppwpbks_r0000gp/T/venv70m5618s/requirements.txt (line 1))
[2024-07-30T10:44:51.299+0900] {process_utils.py:191} INFO -   Using cached numpy-2.0.1-cp311-cp311-macosx_14_0_arm64.whl.metadata (60 kB)
[2024-07-30T10:44:51.347+0900] {process_utils.py:191} INFO - Collecting pyarrow>=17.0.0 (from mov==0.1.0->-r /var/folders/qv/0knwm5h50ml0skpppwpbks_r0000gp/T/venv70m5618s/requirements.txt (line 1))
[2024-07-30T10:44:51.348+0900] {process_utils.py:191} INFO -   Using cached pyarrow-17.0.0-cp311-cp311-macosx_11_0_arm64.whl.metadata (3.3 kB)
[2024-07-30T10:44:51.369+0900] {process_utils.py:191} INFO - Collecting python-dateutil>=2.8.2 (from pandas>=2.2.2->mov==0.1.0->-r /var/folders/qv/0knwm5h50ml0skpppwpbks_r0000gp/T/venv70m5618s/requirements.txt (line 1))
[2024-07-30T10:44:51.369+0900] {process_utils.py:191} INFO -   Using cached python_dateutil-2.9.0.post0-py2.py3-none-any.whl.metadata (8.4 kB)
[2024-07-30T10:44:51.398+0900] {process_utils.py:191} INFO - Collecting pytz>=2020.1 (from pandas>=2.2.2->mov==0.1.0->-r /var/folders/qv/0knwm5h50ml0skpppwpbks_r0000gp/T/venv70m5618s/requirements.txt (line 1))
[2024-07-30T10:44:51.398+0900] {process_utils.py:191} INFO -   Using cached pytz-2024.1-py2.py3-none-any.whl.metadata (22 kB)
[2024-07-30T10:44:51.414+0900] {process_utils.py:191} INFO - Collecting tzdata>=2022.7 (from pandas>=2.2.2->mov==0.1.0->-r /var/folders/qv/0knwm5h50ml0skpppwpbks_r0000gp/T/venv70m5618s/requirements.txt (line 1))
[2024-07-30T10:44:51.415+0900] {process_utils.py:191} INFO -   Using cached tzdata-2024.1-py2.py3-none-any.whl.metadata (1.4 kB)
[2024-07-30T10:44:51.458+0900] {process_utils.py:191} INFO - Collecting charset-normalizer<4,>=2 (from requests>=2.32.3->mov==0.1.0->-r /var/folders/qv/0knwm5h50ml0skpppwpbks_r0000gp/T/venv70m5618s/requirements.txt (line 1))
[2024-07-30T10:44:51.459+0900] {process_utils.py:191} INFO -   Using cached charset_normalizer-3.3.2-cp311-cp311-macosx_11_0_arm64.whl.metadata (33 kB)
[2024-07-30T10:44:51.472+0900] {process_utils.py:191} INFO - Collecting idna<4,>=2.5 (from requests>=2.32.3->mov==0.1.0->-r /var/folders/qv/0knwm5h50ml0skpppwpbks_r0000gp/T/venv70m5618s/requirements.txt (line 1))
[2024-07-30T10:44:51.473+0900] {process_utils.py:191} INFO -   Using cached idna-3.7-py3-none-any.whl.metadata (9.9 kB)
[2024-07-30T10:44:51.498+0900] {process_utils.py:191} INFO - Collecting urllib3<3,>=1.21.1 (from requests>=2.32.3->mov==0.1.0->-r /var/folders/qv/0knwm5h50ml0skpppwpbks_r0000gp/T/venv70m5618s/requirements.txt (line 1))
[2024-07-30T10:44:51.499+0900] {process_utils.py:191} INFO -   Using cached urllib3-2.2.2-py3-none-any.whl.metadata (6.4 kB)
[2024-07-30T10:44:51.518+0900] {process_utils.py:191} INFO - Collecting certifi>=2017.4.17 (from requests>=2.32.3->mov==0.1.0->-r /var/folders/qv/0knwm5h50ml0skpppwpbks_r0000gp/T/venv70m5618s/requirements.txt (line 1))
[2024-07-30T10:44:51.519+0900] {process_utils.py:191} INFO -   Using cached certifi-2024.7.4-py3-none-any.whl.metadata (2.2 kB)
[2024-07-30T10:44:51.545+0900] {process_utils.py:191} INFO - Collecting six>=1.5 (from python-dateutil>=2.8.2->pandas>=2.2.2->mov==0.1.0->-r /var/folders/qv/0knwm5h50ml0skpppwpbks_r0000gp/T/venv70m5618s/requirements.txt (line 1))
[2024-07-30T10:44:51.546+0900] {process_utils.py:191} INFO -   Using cached six-1.16.0-py2.py3-none-any.whl.metadata (1.8 kB)
[2024-07-30T10:44:51.549+0900] {process_utils.py:191} INFO - Using cached numpy-2.0.1-cp311-cp311-macosx_14_0_arm64.whl (5.3 MB)
[2024-07-30T10:44:51.555+0900] {process_utils.py:191} INFO - Using cached pandas-2.2.2-cp311-cp311-macosx_11_0_arm64.whl (11.3 MB)
[2024-07-30T10:44:51.567+0900] {process_utils.py:191} INFO - Using cached pyarrow-17.0.0-cp311-cp311-macosx_11_0_arm64.whl (27.2 MB)
[2024-07-30T10:44:51.594+0900] {process_utils.py:191} INFO - Using cached requests-2.32.3-py3-none-any.whl (64 kB)
[2024-07-30T10:44:51.595+0900] {process_utils.py:191} INFO - Using cached certifi-2024.7.4-py3-none-any.whl (162 kB)
[2024-07-30T10:44:51.596+0900] {process_utils.py:191} INFO - Using cached charset_normalizer-3.3.2-cp311-cp311-macosx_11_0_arm64.whl (118 kB)
[2024-07-30T10:44:51.596+0900] {process_utils.py:191} INFO - Using cached idna-3.7-py3-none-any.whl (66 kB)
[2024-07-30T10:44:51.597+0900] {process_utils.py:191} INFO - Using cached python_dateutil-2.9.0.post0-py2.py3-none-any.whl (229 kB)
[2024-07-30T10:44:51.598+0900] {process_utils.py:191} INFO - Using cached pytz-2024.1-py2.py3-none-any.whl (505 kB)
[2024-07-30T10:44:51.600+0900] {process_utils.py:191} INFO - Using cached tzdata-2024.1-py2.py3-none-any.whl (345 kB)
[2024-07-30T10:44:51.601+0900] {process_utils.py:191} INFO - Using cached urllib3-2.2.2-py3-none-any.whl (121 kB)
[2024-07-30T10:44:51.602+0900] {process_utils.py:191} INFO - Using cached six-1.16.0-py2.py3-none-any.whl (11 kB)
[2024-07-30T10:44:51.643+0900] {process_utils.py:191} INFO - Building wheels for collected packages: mov
[2024-07-30T10:44:51.656+0900] {process_utils.py:191} INFO -   Building wheel for mov (pyproject.toml): started
[2024-07-30T10:44:51.791+0900] {process_utils.py:191} INFO -   Building wheel for mov (pyproject.toml): finished with status 'done'
[2024-07-30T10:44:51.791+0900] {process_utils.py:191} INFO -   Created wheel for mov: filename=mov-0.1.0-py3-none-any.whl size=2814 sha256=793357f5063d5c6d0fb5188d4974434e9fefbd969fccfa0bcf423d94dafef01b
[2024-07-30T10:44:51.792+0900] {process_utils.py:191} INFO -   Stored in directory: /private/var/folders/qv/0knwm5h50ml0skpppwpbks_r0000gp/T/pip-ephem-wheel-cache-m2_hvqe2/wheels/54/e9/60/a7e5fa402215fa867148cc88ae8743f86bf8c78aace52a42fa
[2024-07-30T10:44:51.793+0900] {process_utils.py:191} INFO - Successfully built mov
[2024-07-30T10:44:51.820+0900] {process_utils.py:191} INFO - Installing collected packages: pytz, urllib3, tzdata, six, numpy, idna, charset-normalizer, certifi, requests, python-dateutil, pyarrow, pandas, mov
[2024-07-30T10:44:56.288+0900] {process_utils.py:191} INFO - Successfully installed certifi-2024.7.4 charset-normalizer-3.3.2 idna-3.7 mov-0.1.0 numpy-2.0.1 pandas-2.2.2 pyarrow-17.0.0 python-dateutil-2.9.0.post0 pytz-2024.1 requests-2.32.3 six-1.16.0 tzdata-2024.1 urllib3-2.2.2
[2024-07-30T10:44:56.294+0900] {process_utils.py:191} INFO - 
[2024-07-30T10:44:56.294+0900] {process_utils.py:191} INFO - [notice] A new release of pip is available: 24.1 -> 24.2
[2024-07-30T10:44:56.294+0900] {process_utils.py:191} INFO - [notice] To update, run: python -m pip install --upgrade pip
[2024-07-30T10:44:56.424+0900] {logging_mixin.py:188} WARNING - /Users/DE32/.pyenv/versions/3.11.9/envs/note/lib/python3.11/site-packages/airflow/utils/context.py:212 AirflowContextDeprecationWarning: Accessing 'next_ds' from the template is deprecated and will be removed in a future version. Please use '{{ data_interval_end | ds }}' instead.
[2024-07-30T10:44:56.425+0900] {logging_mixin.py:188} WARNING - /Users/DE32/.pyenv/versions/3.11.9/envs/note/lib/python3.11/site-packages/airflow/utils/context.py:212 AirflowContextDeprecationWarning: Accessing 'next_ds_nodash' from the template is deprecated and will be removed in a future version. Please use '{{ data_interval_end | ds_nodash }}' instead.
[2024-07-30T10:44:56.425+0900] {logging_mixin.py:188} WARNING - /Users/DE32/.pyenv/versions/3.11.9/envs/note/lib/python3.11/site-packages/airflow/utils/context.py:212 AirflowContextDeprecationWarning: Accessing 'prev_ds' from the template is deprecated and will be removed in a future version.
[2024-07-30T10:44:56.426+0900] {logging_mixin.py:188} WARNING - /Users/DE32/.pyenv/versions/3.11.9/envs/note/lib/python3.11/site-packages/airflow/utils/context.py:212 AirflowContextDeprecationWarning: Accessing 'prev_ds_nodash' from the template is deprecated and will be removed in a future version.
[2024-07-30T10:44:56.426+0900] {logging_mixin.py:188} WARNING - /Users/DE32/.pyenv/versions/3.11.9/envs/note/lib/python3.11/site-packages/airflow/utils/context.py:212 AirflowContextDeprecationWarning: Accessing 'tomorrow_ds' from the template is deprecated and will be removed in a future version.
[2024-07-30T10:44:56.427+0900] {logging_mixin.py:188} WARNING - /Users/DE32/.pyenv/versions/3.11.9/envs/note/lib/python3.11/site-packages/airflow/utils/context.py:212 AirflowContextDeprecationWarning: Accessing 'tomorrow_ds_nodash' from the template is deprecated and will be removed in a future version.
[2024-07-30T10:44:56.427+0900] {logging_mixin.py:188} WARNING - /Users/DE32/.pyenv/versions/3.11.9/envs/note/lib/python3.11/site-packages/airflow/utils/context.py:212 AirflowContextDeprecationWarning: Accessing 'yesterday_ds' from the template is deprecated and will be removed in a future version.
[2024-07-30T10:44:56.427+0900] {logging_mixin.py:188} WARNING - /Users/DE32/.pyenv/versions/3.11.9/envs/note/lib/python3.11/site-packages/airflow/utils/context.py:212 AirflowContextDeprecationWarning: Accessing 'yesterday_ds_nodash' from the template is deprecated and will be removed in a future version.
[2024-07-30T10:44:56.430+0900] {process_utils.py:183} INFO - Executing cmd: /var/folders/qv/0knwm5h50ml0skpppwpbks_r0000gp/T/venv70m5618s/bin/python /var/folders/qv/0knwm5h50ml0skpppwpbks_r0000gp/T/venv-call9ete0hb7/script.py /var/folders/qv/0knwm5h50ml0skpppwpbks_r0000gp/T/venv-call9ete0hb7/script.in /var/folders/qv/0knwm5h50ml0skpppwpbks_r0000gp/T/venv-call9ete0hb7/script.out /var/folders/qv/0knwm5h50ml0skpppwpbks_r0000gp/T/venv-call9ete0hb7/string_args.txt /var/folders/qv/0knwm5h50ml0skpppwpbks_r0000gp/T/venv-call9ete0hb7/termination.log
[2024-07-30T10:44:56.432+0900] {process_utils.py:187} INFO - Output:
[2024-07-30T10:44:56.445+0900] {process_utils.py:191} INFO - ====================
[2024-07-30T10:44:56.445+0900] {process_utils.py:191} INFO - Traceback (most recent call last):
[2024-07-30T10:44:56.445+0900] {process_utils.py:191} INFO -   File "/var/folders/qv/0knwm5h50ml0skpppwpbks_r0000gp/T/venv-call9ete0hb7/script.py", line 53, in <module>
[2024-07-30T10:44:56.445+0900] {process_utils.py:191} INFO -     res = get_data(*arg_dict["args"], **arg_dict["kwargs"])
[2024-07-30T10:44:56.446+0900] {process_utils.py:191} INFO -           ^^^^^^^^^^^^^^^^^^^^^^^^^^^^^^^^^^^^^^^^^^^^^^^^^
[2024-07-30T10:44:56.446+0900] {process_utils.py:191} INFO -   File "/var/folders/qv/0knwm5h50ml0skpppwpbks_r0000gp/T/venv-call9ete0hb7/script.py", line 20, in get_data
[2024-07-30T10:44:56.446+0900] {process_utils.py:191} INFO -     key = get_key()
[2024-07-30T10:44:56.446+0900] {process_utils.py:191} INFO -           ^^^^^^^
[2024-07-30T10:44:56.446+0900] {process_utils.py:191} INFO - NameError: name 'get_key' is not defined
[2024-07-30T10:44:56.829+0900] {taskinstance.py:441} INFO - ::group::Post task execution logs
[2024-07-30T10:44:56.832+0900] {taskinstance.py:2905} ERROR - Task failed with exception
Traceback (most recent call last):
  File "/Users/DE32/.pyenv/versions/3.11.9/envs/note/lib/python3.11/site-packages/airflow/models/taskinstance.py", line 465, in _execute_task
    result = _execute_callable(context=context, **execute_callable_kwargs)
             ^^^^^^^^^^^^^^^^^^^^^^^^^^^^^^^^^^^^^^^^^^^^^^^^^^^^^^^^^^^^^
  File "/Users/DE32/.pyenv/versions/3.11.9/envs/note/lib/python3.11/site-packages/airflow/models/taskinstance.py", line 432, in _execute_callable
    return execute_callable(context=context, **execute_callable_kwargs)
           ^^^^^^^^^^^^^^^^^^^^^^^^^^^^^^^^^^^^^^^^^^^^^^^^^^^^^^^^^^^^
  File "/Users/DE32/.pyenv/versions/3.11.9/envs/note/lib/python3.11/site-packages/airflow/models/baseoperator.py", line 401, in wrapper
    return func(self, *args, **kwargs)
           ^^^^^^^^^^^^^^^^^^^^^^^^^^^
  File "/Users/DE32/.pyenv/versions/3.11.9/envs/note/lib/python3.11/site-packages/airflow/operators/python.py", line 437, in execute
    return super().execute(context=serializable_context)
           ^^^^^^^^^^^^^^^^^^^^^^^^^^^^^^^^^^^^^^^^^^^^^
  File "/Users/DE32/.pyenv/versions/3.11.9/envs/note/lib/python3.11/site-packages/airflow/models/baseoperator.py", line 401, in wrapper
    return func(self, *args, **kwargs)
           ^^^^^^^^^^^^^^^^^^^^^^^^^^^
  File "/Users/DE32/.pyenv/versions/3.11.9/envs/note/lib/python3.11/site-packages/airflow/operators/python.py", line 235, in execute
    return_value = self.execute_callable()
                   ^^^^^^^^^^^^^^^^^^^^^^^
  File "/Users/DE32/.pyenv/versions/3.11.9/envs/note/lib/python3.11/site-packages/airflow/operators/python.py", line 759, in execute_callable
    result = self._execute_python_callable_in_subprocess(python_path)
             ^^^^^^^^^^^^^^^^^^^^^^^^^^^^^^^^^^^^^^^^^^^^^^^^^^^^^^^^
  File "/Users/DE32/.pyenv/versions/3.11.9/envs/note/lib/python3.11/site-packages/airflow/operators/python.py", line 514, in _execute_python_callable_in_subprocess
    raise AirflowException(error_msg) from None
airflow.exceptions.AirflowException: Process returned non-zero exit status 1.
name 'get_key' is not defined
[2024-07-30T10:44:56.834+0900] {taskinstance.py:1206} INFO - Marking task as UP_FOR_RETRY. dag_id=movie, task_id=get_data, run_id=scheduled__2024-07-28T04:10:00+00:00, execution_date=20240728T041000, start_date=20240730T014446, end_date=20240730T014456
[2024-07-30T10:44:56.837+0900] {standard_task_runner.py:110} ERROR - Failed to execute job 634 for task get_data (Process returned non-zero exit status 1.
name 'get_key' is not defined; 6051)
[2024-07-30T10:44:56.856+0900] {local_task_job_runner.py:243} INFO - Task exited with return code 1
[2024-07-30T10:44:56.862+0900] {taskinstance.py:3503} INFO - 0 downstream tasks scheduled from follow-on schedule check
[2024-07-30T10:44:56.862+0900] {local_task_job_runner.py:222} INFO - ::endgroup::
