[2024-07-30T10:40:53.584+0900] {local_task_job_runner.py:120} INFO - ::group::Pre task execution logs
[2024-07-30T10:40:53.596+0900] {taskinstance.py:2076} INFO - Dependencies all met for dep_context=non-requeueable deps ti=<TaskInstance: movie.get_data scheduled__2024-07-28T04:10:00+00:00 [queued]>
[2024-07-30T10:40:53.599+0900] {taskinstance.py:2076} INFO - Dependencies all met for dep_context=requeueable deps ti=<TaskInstance: movie.get_data scheduled__2024-07-28T04:10:00+00:00 [queued]>
[2024-07-30T10:40:53.599+0900] {taskinstance.py:2306} INFO - Starting attempt 7 of 8
[2024-07-30T10:40:53.605+0900] {taskinstance.py:2330} INFO - Executing <Task(PythonVirtualenvOperator): get_data> on 2024-07-28 04:10:00+00:00
[2024-07-30T10:40:53.609+0900] {standard_task_runner.py:64} INFO - Started process 5543 to run task
[2024-07-30T10:40:53.611+0900] {standard_task_runner.py:90} INFO - Running: ['airflow', 'tasks', 'run', 'movie', 'get_data', 'scheduled__2024-07-28T04:10:00+00:00', '--job-id', '631', '--raw', '--subdir', 'DAGS_FOLDER/movie.py', '--cfg-path', '/var/folders/qv/0knwm5h50ml0skpppwpbks_r0000gp/T/tmpotwjvv6t']
[2024-07-30T10:40:53.613+0900] {standard_task_runner.py:91} INFO - Job 631: Subtask get_data
[2024-07-30T10:40:53.671+0900] {task_command.py:426} INFO - Running <TaskInstance: movie.get_data scheduled__2024-07-28T04:10:00+00:00 [running]> on host jeongui-MacBookPro.local
[2024-07-30T10:40:53.691+0900] {taskinstance.py:2648} INFO - Exporting env vars: AIRFLOW_CTX_DAG_OWNER='airflow' AIRFLOW_CTX_DAG_ID='movie' AIRFLOW_CTX_TASK_ID='get_data' AIRFLOW_CTX_EXECUTION_DATE='2024-07-28T04:10:00+00:00' AIRFLOW_CTX_TRY_NUMBER='7' AIRFLOW_CTX_DAG_RUN_ID='scheduled__2024-07-28T04:10:00+00:00'
[2024-07-30T10:40:53.691+0900] {taskinstance.py:430} INFO - ::endgroup::
[2024-07-30T10:40:53.695+0900] {baseoperator.py:400} WARNING - PythonVirtualenvOperator.execute cannot be called outside TaskInstance!
[2024-07-30T10:40:53.696+0900] {process_utils.py:183} INFO - Executing cmd: /Users/DE32/.pyenv/versions/3.11.9/envs/note/bin/python -m virtualenv /var/folders/qv/0knwm5h50ml0skpppwpbks_r0000gp/T/venvwylrk5qf --python=python
[2024-07-30T10:40:53.698+0900] {process_utils.py:187} INFO - Output:
[2024-07-30T10:40:53.874+0900] {process_utils.py:191} INFO - created virtual environment CPython3.11.9.final.0-64 in 118ms
[2024-07-30T10:40:53.874+0900] {process_utils.py:191} INFO -   creator CPython3Posix(dest=/private/var/folders/qv/0knwm5h50ml0skpppwpbks_r0000gp/T/venvwylrk5qf, clear=False, no_vcs_ignore=False, global=False)
[2024-07-30T10:40:53.874+0900] {process_utils.py:191} INFO -   seeder FromAppData(download=False, pip=bundle, setuptools=bundle, wheel=bundle, via=copy, app_data_dir=/Users/DE32/Library/Application Support/virtualenv)
[2024-07-30T10:40:53.875+0900] {process_utils.py:191} INFO -     added seed packages: pip==24.1, setuptools==70.1.0, wheel==0.43.0
[2024-07-30T10:40:53.875+0900] {process_utils.py:191} INFO -   activators BashActivator,CShellActivator,FishActivator,NushellActivator,PowerShellActivator,PythonActivator
[2024-07-30T10:40:53.887+0900] {process_utils.py:183} INFO - Executing cmd: /var/folders/qv/0knwm5h50ml0skpppwpbks_r0000gp/T/venvwylrk5qf/bin/pip install -r /var/folders/qv/0knwm5h50ml0skpppwpbks_r0000gp/T/venvwylrk5qf/requirements.txt
[2024-07-30T10:40:53.889+0900] {process_utils.py:187} INFO - Output:
[2024-07-30T10:40:54.696+0900] {process_utils.py:191} INFO - Collecting git+https://github.com/Jeonghoon2/movie@0.2/api (from -r /var/folders/qv/0knwm5h50ml0skpppwpbks_r0000gp/T/venvwylrk5qf/requirements.txt (line 1))
[2024-07-30T10:40:54.696+0900] {process_utils.py:191} INFO -   Cloning https://github.com/Jeonghoon2/movie (to revision 0.2/api) to /private/var/folders/qv/0knwm5h50ml0skpppwpbks_r0000gp/T/pip-req-build-xnelfnus
[2024-07-30T10:40:54.708+0900] {process_utils.py:191} INFO -   Running command git clone --filter=blob:none --quiet https://github.com/Jeonghoon2/movie /private/var/folders/qv/0knwm5h50ml0skpppwpbks_r0000gp/T/pip-req-build-xnelfnus
[2024-07-30T10:40:56.427+0900] {process_utils.py:191} INFO -   Running command git checkout -b 0.2/api --track origin/0.2/api
[2024-07-30T10:40:56.929+0900] {process_utils.py:191} INFO -   Switched to a new branch '0.2/api'
[2024-07-30T10:40:56.930+0900] {process_utils.py:191} INFO -   branch '0.2/api' set up to track 'origin/0.2/api'.
[2024-07-30T10:40:56.931+0900] {process_utils.py:191} INFO -   Resolved https://github.com/Jeonghoon2/movie to commit aa2c3b4aa6dee3ca8a154c45b4457913b4be6ccd
[2024-07-30T10:40:56.953+0900] {process_utils.py:191} INFO -   Installing build dependencies: started
[2024-07-30T10:40:57.851+0900] {process_utils.py:191} INFO -   Installing build dependencies: finished with status 'done'
[2024-07-30T10:40:57.852+0900] {process_utils.py:191} INFO -   Getting requirements to build wheel: started
[2024-07-30T10:40:57.976+0900] {process_utils.py:191} INFO -   Getting requirements to build wheel: finished with status 'done'
[2024-07-30T10:40:57.977+0900] {process_utils.py:191} INFO -   Preparing metadata (pyproject.toml): started
[2024-07-30T10:40:58.101+0900] {process_utils.py:191} INFO -   Preparing metadata (pyproject.toml): finished with status 'done'
[2024-07-30T10:40:58.166+0900] {process_utils.py:191} INFO - Collecting requests>=2.32.3 (from mov==0.1.0->-r /var/folders/qv/0knwm5h50ml0skpppwpbks_r0000gp/T/venvwylrk5qf/requirements.txt (line 1))
[2024-07-30T10:40:58.168+0900] {process_utils.py:191} INFO -   Using cached requests-2.32.3-py3-none-any.whl.metadata (4.6 kB)
[2024-07-30T10:40:58.233+0900] {process_utils.py:191} INFO - Collecting pandas>=2.2.2 (from mov==0.1.0->-r /var/folders/qv/0knwm5h50ml0skpppwpbks_r0000gp/T/venvwylrk5qf/requirements.txt (line 1))
[2024-07-30T10:40:58.235+0900] {process_utils.py:191} INFO -   Using cached pandas-2.2.2-cp311-cp311-macosx_11_0_arm64.whl.metadata (19 kB)
[2024-07-30T10:40:58.333+0900] {process_utils.py:191} INFO - Collecting numpy>=2.0.1 (from mov==0.1.0->-r /var/folders/qv/0knwm5h50ml0skpppwpbks_r0000gp/T/venvwylrk5qf/requirements.txt (line 1))
[2024-07-30T10:40:58.335+0900] {process_utils.py:191} INFO -   Using cached numpy-2.0.1-cp311-cp311-macosx_14_0_arm64.whl.metadata (60 kB)
[2024-07-30T10:40:58.383+0900] {process_utils.py:191} INFO - Collecting pyarrow>=17.0.0 (from mov==0.1.0->-r /var/folders/qv/0knwm5h50ml0skpppwpbks_r0000gp/T/venvwylrk5qf/requirements.txt (line 1))
[2024-07-30T10:40:58.385+0900] {process_utils.py:191} INFO -   Using cached pyarrow-17.0.0-cp311-cp311-macosx_11_0_arm64.whl.metadata (3.3 kB)
[2024-07-30T10:40:58.406+0900] {process_utils.py:191} INFO - Collecting python-dateutil>=2.8.2 (from pandas>=2.2.2->mov==0.1.0->-r /var/folders/qv/0knwm5h50ml0skpppwpbks_r0000gp/T/venvwylrk5qf/requirements.txt (line 1))
[2024-07-30T10:40:58.407+0900] {process_utils.py:191} INFO -   Using cached python_dateutil-2.9.0.post0-py2.py3-none-any.whl.metadata (8.4 kB)
[2024-07-30T10:40:58.436+0900] {process_utils.py:191} INFO - Collecting pytz>=2020.1 (from pandas>=2.2.2->mov==0.1.0->-r /var/folders/qv/0knwm5h50ml0skpppwpbks_r0000gp/T/venvwylrk5qf/requirements.txt (line 1))
[2024-07-30T10:40:58.437+0900] {process_utils.py:191} INFO -   Using cached pytz-2024.1-py2.py3-none-any.whl.metadata (22 kB)
[2024-07-30T10:40:58.454+0900] {process_utils.py:191} INFO - Collecting tzdata>=2022.7 (from pandas>=2.2.2->mov==0.1.0->-r /var/folders/qv/0knwm5h50ml0skpppwpbks_r0000gp/T/venvwylrk5qf/requirements.txt (line 1))
[2024-07-30T10:40:58.455+0900] {process_utils.py:191} INFO -   Using cached tzdata-2024.1-py2.py3-none-any.whl.metadata (1.4 kB)
[2024-07-30T10:40:58.499+0900] {process_utils.py:191} INFO - Collecting charset-normalizer<4,>=2 (from requests>=2.32.3->mov==0.1.0->-r /var/folders/qv/0knwm5h50ml0skpppwpbks_r0000gp/T/venvwylrk5qf/requirements.txt (line 1))
[2024-07-30T10:40:58.500+0900] {process_utils.py:191} INFO -   Using cached charset_normalizer-3.3.2-cp311-cp311-macosx_11_0_arm64.whl.metadata (33 kB)
[2024-07-30T10:40:58.515+0900] {process_utils.py:191} INFO - Collecting idna<4,>=2.5 (from requests>=2.32.3->mov==0.1.0->-r /var/folders/qv/0knwm5h50ml0skpppwpbks_r0000gp/T/venvwylrk5qf/requirements.txt (line 1))
[2024-07-30T10:40:58.516+0900] {process_utils.py:191} INFO -   Using cached idna-3.7-py3-none-any.whl.metadata (9.9 kB)
[2024-07-30T10:40:58.542+0900] {process_utils.py:191} INFO - Collecting urllib3<3,>=1.21.1 (from requests>=2.32.3->mov==0.1.0->-r /var/folders/qv/0knwm5h50ml0skpppwpbks_r0000gp/T/venvwylrk5qf/requirements.txt (line 1))
[2024-07-30T10:40:58.543+0900] {process_utils.py:191} INFO -   Using cached urllib3-2.2.2-py3-none-any.whl.metadata (6.4 kB)
[2024-07-30T10:40:58.560+0900] {process_utils.py:191} INFO - Collecting certifi>=2017.4.17 (from requests>=2.32.3->mov==0.1.0->-r /var/folders/qv/0knwm5h50ml0skpppwpbks_r0000gp/T/venvwylrk5qf/requirements.txt (line 1))
[2024-07-30T10:40:58.561+0900] {process_utils.py:191} INFO -   Using cached certifi-2024.7.4-py3-none-any.whl.metadata (2.2 kB)
[2024-07-30T10:40:58.587+0900] {process_utils.py:191} INFO - Collecting six>=1.5 (from python-dateutil>=2.8.2->pandas>=2.2.2->mov==0.1.0->-r /var/folders/qv/0knwm5h50ml0skpppwpbks_r0000gp/T/venvwylrk5qf/requirements.txt (line 1))
[2024-07-30T10:40:58.588+0900] {process_utils.py:191} INFO -   Using cached six-1.16.0-py2.py3-none-any.whl.metadata (1.8 kB)
[2024-07-30T10:40:58.591+0900] {process_utils.py:191} INFO - Using cached numpy-2.0.1-cp311-cp311-macosx_14_0_arm64.whl (5.3 MB)
[2024-07-30T10:40:58.600+0900] {process_utils.py:191} INFO - Using cached pandas-2.2.2-cp311-cp311-macosx_11_0_arm64.whl (11.3 MB)
[2024-07-30T10:40:58.616+0900] {process_utils.py:191} INFO - Using cached pyarrow-17.0.0-cp311-cp311-macosx_11_0_arm64.whl (27.2 MB)
[2024-07-30T10:40:58.647+0900] {process_utils.py:191} INFO - Using cached requests-2.32.3-py3-none-any.whl (64 kB)
[2024-07-30T10:40:58.651+0900] {process_utils.py:191} INFO - Using cached certifi-2024.7.4-py3-none-any.whl (162 kB)
[2024-07-30T10:40:58.657+0900] {process_utils.py:191} INFO - Using cached charset_normalizer-3.3.2-cp311-cp311-macosx_11_0_arm64.whl (118 kB)
[2024-07-30T10:40:58.659+0900] {process_utils.py:191} INFO - Using cached idna-3.7-py3-none-any.whl (66 kB)
[2024-07-30T10:40:58.661+0900] {process_utils.py:191} INFO - Using cached python_dateutil-2.9.0.post0-py2.py3-none-any.whl (229 kB)
[2024-07-30T10:40:58.664+0900] {process_utils.py:191} INFO - Using cached pytz-2024.1-py2.py3-none-any.whl (505 kB)
[2024-07-30T10:40:58.667+0900] {process_utils.py:191} INFO - Using cached tzdata-2024.1-py2.py3-none-any.whl (345 kB)
[2024-07-30T10:40:58.670+0900] {process_utils.py:191} INFO - Using cached urllib3-2.2.2-py3-none-any.whl (121 kB)
[2024-07-30T10:40:58.672+0900] {process_utils.py:191} INFO - Using cached six-1.16.0-py2.py3-none-any.whl (11 kB)
[2024-07-30T10:40:58.716+0900] {process_utils.py:191} INFO - Building wheels for collected packages: mov
[2024-07-30T10:40:58.728+0900] {process_utils.py:191} INFO -   Building wheel for mov (pyproject.toml): started
[2024-07-30T10:40:58.863+0900] {process_utils.py:191} INFO -   Building wheel for mov (pyproject.toml): finished with status 'done'
[2024-07-30T10:40:58.864+0900] {process_utils.py:191} INFO -   Created wheel for mov: filename=mov-0.1.0-py3-none-any.whl size=2814 sha256=26460e759cb0b7d1579e6c65ed20d9c86fa072cb52c39c2649103eb9ac3bbe26
[2024-07-30T10:40:58.864+0900] {process_utils.py:191} INFO -   Stored in directory: /private/var/folders/qv/0knwm5h50ml0skpppwpbks_r0000gp/T/pip-ephem-wheel-cache-9xshu5wj/wheels/54/e9/60/a7e5fa402215fa867148cc88ae8743f86bf8c78aace52a42fa
[2024-07-30T10:40:58.866+0900] {process_utils.py:191} INFO - Successfully built mov
[2024-07-30T10:40:58.893+0900] {process_utils.py:191} INFO - Installing collected packages: pytz, urllib3, tzdata, six, numpy, idna, charset-normalizer, certifi, requests, python-dateutil, pyarrow, pandas, mov
[2024-07-30T10:41:03.466+0900] {process_utils.py:191} INFO - Successfully installed certifi-2024.7.4 charset-normalizer-3.3.2 idna-3.7 mov-0.1.0 numpy-2.0.1 pandas-2.2.2 pyarrow-17.0.0 python-dateutil-2.9.0.post0 pytz-2024.1 requests-2.32.3 six-1.16.0 tzdata-2024.1 urllib3-2.2.2
[2024-07-30T10:41:03.472+0900] {process_utils.py:191} INFO - 
[2024-07-30T10:41:03.472+0900] {process_utils.py:191} INFO - [notice] A new release of pip is available: 24.1 -> 24.2
[2024-07-30T10:41:03.472+0900] {process_utils.py:191} INFO - [notice] To update, run: python -m pip install --upgrade pip
[2024-07-30T10:41:03.601+0900] {logging_mixin.py:188} WARNING - /Users/DE32/.pyenv/versions/3.11.9/envs/note/lib/python3.11/site-packages/airflow/utils/context.py:212 AirflowContextDeprecationWarning: Accessing 'next_ds' from the template is deprecated and will be removed in a future version. Please use '{{ data_interval_end | ds }}' instead.
[2024-07-30T10:41:03.602+0900] {logging_mixin.py:188} WARNING - /Users/DE32/.pyenv/versions/3.11.9/envs/note/lib/python3.11/site-packages/airflow/utils/context.py:212 AirflowContextDeprecationWarning: Accessing 'next_ds_nodash' from the template is deprecated and will be removed in a future version. Please use '{{ data_interval_end | ds_nodash }}' instead.
[2024-07-30T10:41:03.602+0900] {logging_mixin.py:188} WARNING - /Users/DE32/.pyenv/versions/3.11.9/envs/note/lib/python3.11/site-packages/airflow/utils/context.py:212 AirflowContextDeprecationWarning: Accessing 'prev_ds' from the template is deprecated and will be removed in a future version.
[2024-07-30T10:41:03.603+0900] {logging_mixin.py:188} WARNING - /Users/DE32/.pyenv/versions/3.11.9/envs/note/lib/python3.11/site-packages/airflow/utils/context.py:212 AirflowContextDeprecationWarning: Accessing 'prev_ds_nodash' from the template is deprecated and will be removed in a future version.
[2024-07-30T10:41:03.603+0900] {logging_mixin.py:188} WARNING - /Users/DE32/.pyenv/versions/3.11.9/envs/note/lib/python3.11/site-packages/airflow/utils/context.py:212 AirflowContextDeprecationWarning: Accessing 'tomorrow_ds' from the template is deprecated and will be removed in a future version.
[2024-07-30T10:41:03.603+0900] {logging_mixin.py:188} WARNING - /Users/DE32/.pyenv/versions/3.11.9/envs/note/lib/python3.11/site-packages/airflow/utils/context.py:212 AirflowContextDeprecationWarning: Accessing 'tomorrow_ds_nodash' from the template is deprecated and will be removed in a future version.
[2024-07-30T10:41:03.604+0900] {logging_mixin.py:188} WARNING - /Users/DE32/.pyenv/versions/3.11.9/envs/note/lib/python3.11/site-packages/airflow/utils/context.py:212 AirflowContextDeprecationWarning: Accessing 'yesterday_ds' from the template is deprecated and will be removed in a future version.
[2024-07-30T10:41:03.604+0900] {logging_mixin.py:188} WARNING - /Users/DE32/.pyenv/versions/3.11.9/envs/note/lib/python3.11/site-packages/airflow/utils/context.py:212 AirflowContextDeprecationWarning: Accessing 'yesterday_ds_nodash' from the template is deprecated and will be removed in a future version.
[2024-07-30T10:41:03.607+0900] {process_utils.py:183} INFO - Executing cmd: /var/folders/qv/0knwm5h50ml0skpppwpbks_r0000gp/T/venvwylrk5qf/bin/python /var/folders/qv/0knwm5h50ml0skpppwpbks_r0000gp/T/venv-callh69ahk3p/script.py /var/folders/qv/0knwm5h50ml0skpppwpbks_r0000gp/T/venv-callh69ahk3p/script.in /var/folders/qv/0knwm5h50ml0skpppwpbks_r0000gp/T/venv-callh69ahk3p/script.out /var/folders/qv/0knwm5h50ml0skpppwpbks_r0000gp/T/venv-callh69ahk3p/string_args.txt /var/folders/qv/0knwm5h50ml0skpppwpbks_r0000gp/T/venv-callh69ahk3p/termination.log
[2024-07-30T10:41:03.609+0900] {process_utils.py:187} INFO - Output:
[2024-07-30T10:41:03.622+0900] {process_utils.py:191} INFO - ====================
[2024-07-30T10:41:03.622+0900] {process_utils.py:191} INFO - Traceback (most recent call last):
[2024-07-30T10:41:03.622+0900] {process_utils.py:191} INFO -   File "/var/folders/qv/0knwm5h50ml0skpppwpbks_r0000gp/T/venv-callh69ahk3p/script.py", line 53, in <module>
[2024-07-30T10:41:03.622+0900] {process_utils.py:191} INFO -     res = get_data(*arg_dict["args"], **arg_dict["kwargs"])
[2024-07-30T10:41:03.623+0900] {process_utils.py:191} INFO -           ^^^^^^^^^^^^^^^^^^^^^^^^^^^^^^^^^^^^^^^^^^^^^^^^^
[2024-07-30T10:41:03.623+0900] {process_utils.py:191} INFO -   File "/var/folders/qv/0knwm5h50ml0skpppwpbks_r0000gp/T/venv-callh69ahk3p/script.py", line 20, in get_data
[2024-07-30T10:41:03.623+0900] {process_utils.py:191} INFO -     key = get_key()
[2024-07-30T10:41:03.623+0900] {process_utils.py:191} INFO -           ^^^^^^^
[2024-07-30T10:41:03.623+0900] {process_utils.py:191} INFO - NameError: name 'get_key' is not defined
[2024-07-30T10:41:04.035+0900] {taskinstance.py:441} INFO - ::group::Post task execution logs
[2024-07-30T10:41:04.038+0900] {taskinstance.py:2905} ERROR - Task failed with exception
Traceback (most recent call last):
  File "/Users/DE32/.pyenv/versions/3.11.9/envs/note/lib/python3.11/site-packages/airflow/models/taskinstance.py", line 465, in _execute_task
    result = _execute_callable(context=context, **execute_callable_kwargs)
             ^^^^^^^^^^^^^^^^^^^^^^^^^^^^^^^^^^^^^^^^^^^^^^^^^^^^^^^^^^^^^
  File "/Users/DE32/.pyenv/versions/3.11.9/envs/note/lib/python3.11/site-packages/airflow/models/taskinstance.py", line 432, in _execute_callable
    return execute_callable(context=context, **execute_callable_kwargs)
           ^^^^^^^^^^^^^^^^^^^^^^^^^^^^^^^^^^^^^^^^^^^^^^^^^^^^^^^^^^^^
  File "/Users/DE32/.pyenv/versions/3.11.9/envs/note/lib/python3.11/site-packages/airflow/models/baseoperator.py", line 401, in wrapper
    return func(self, *args, **kwargs)
           ^^^^^^^^^^^^^^^^^^^^^^^^^^^
  File "/Users/DE32/.pyenv/versions/3.11.9/envs/note/lib/python3.11/site-packages/airflow/operators/python.py", line 437, in execute
    return super().execute(context=serializable_context)
           ^^^^^^^^^^^^^^^^^^^^^^^^^^^^^^^^^^^^^^^^^^^^^
  File "/Users/DE32/.pyenv/versions/3.11.9/envs/note/lib/python3.11/site-packages/airflow/models/baseoperator.py", line 401, in wrapper
    return func(self, *args, **kwargs)
           ^^^^^^^^^^^^^^^^^^^^^^^^^^^
  File "/Users/DE32/.pyenv/versions/3.11.9/envs/note/lib/python3.11/site-packages/airflow/operators/python.py", line 235, in execute
    return_value = self.execute_callable()
                   ^^^^^^^^^^^^^^^^^^^^^^^
  File "/Users/DE32/.pyenv/versions/3.11.9/envs/note/lib/python3.11/site-packages/airflow/operators/python.py", line 759, in execute_callable
    result = self._execute_python_callable_in_subprocess(python_path)
             ^^^^^^^^^^^^^^^^^^^^^^^^^^^^^^^^^^^^^^^^^^^^^^^^^^^^^^^^
  File "/Users/DE32/.pyenv/versions/3.11.9/envs/note/lib/python3.11/site-packages/airflow/operators/python.py", line 514, in _execute_python_callable_in_subprocess
    raise AirflowException(error_msg) from None
airflow.exceptions.AirflowException: Process returned non-zero exit status 1.
name 'get_key' is not defined
[2024-07-30T10:41:04.040+0900] {taskinstance.py:1206} INFO - Marking task as UP_FOR_RETRY. dag_id=movie, task_id=get_data, run_id=scheduled__2024-07-28T04:10:00+00:00, execution_date=20240728T041000, start_date=20240730T014053, end_date=20240730T014104
[2024-07-30T10:41:04.044+0900] {standard_task_runner.py:110} ERROR - Failed to execute job 631 for task get_data (Process returned non-zero exit status 1.
name 'get_key' is not defined; 5543)
[2024-07-30T10:41:04.078+0900] {local_task_job_runner.py:243} INFO - Task exited with return code 1
[2024-07-30T10:41:04.085+0900] {taskinstance.py:3503} INFO - 0 downstream tasks scheduled from follow-on schedule check
[2024-07-30T10:41:04.085+0900] {local_task_job_runner.py:222} INFO - ::endgroup::
